<?xml version="1.0" encoding="UTF-8"?>
<!-- Generated by org.testng.reporters.JUnitXMLReporter -->
<testsuite ignored="2" hostname="DESKTOP-V99HU7G" failures="0" tests="4" name="TestRunner01" time="107.582" errors="0" timestamp="2022-01-23T13:50:28 IST">
  <testcase classname="com.crm.ContactTest.ContactTest" name="createContactTest" time="16.762"/>
  <testcase classname="com.crm.ContactTest.ContactTest" name="createContactWithOrgTest" time="26.217"/>
  <testcase classname="com.crm.comcast.orgTest.OrganizationTest" name="createOrganizationWithIndTest" time="15.826"/>
  <testcase classname="com.crm.comcast.orgTest.OrganizationTest" name="createOrganiztionTest" time="13.786"/>
  <testcase classname="com.crm.GenericLibraries.BaseClass" name="@AfterSuite configAS" time="0.0">
    <ignored/>
  </testcase> <!-- @AfterSuite configAS -->
  <testcase classname="com.crm.GenericLibraries.BaseClass" name="@BeforeSuite configBS" time="0.0">
    <ignored/>
  </testcase> <!-- @BeforeSuite configBS -->
</testsuite> <!-- TestRunner01 -->
