<?xml version="1.0" encoding="UTF-8"?>
<!-- Generated by org.testng.reporters.JUnitXMLReporter -->
<testsuite ignored="2" hostname="DESKTOP-V99HU7G" failures="0" tests="4" name="TestRunner-Chrome" time="150.316" errors="0" timestamp="2022-01-21T16:08:23 IST">
  <testcase classname="com.crm.ContactTest.ContactTest" name="createContactTest" time="24.82"/>
  <testcase classname="com.crm.ContactTest.ContactTest" name="createContactWithOrgTest" time="35.575"/>
  <testcase classname="com.crm.comcast.orgTest.OrganizationTest" name="createOrganizationWithIndTest" time="22.245"/>
  <testcase classname="com.crm.comcast.orgTest.OrganizationTest" name="createOrganiztionTest" time="17.923"/>
  <testcase classname="com.crm.GenericLibraries.BaseClass" name="@AfterSuite configAS" time="0.0">
    <ignored/>
  </testcase> <!-- @AfterSuite configAS -->
  <testcase classname="com.crm.GenericLibraries.BaseClass" name="@BeforeSuite configBS" time="0.0">
    <ignored/>
  </testcase> <!-- @BeforeSuite configBS -->
</testsuite> <!-- TestRunner-Chrome -->
