<?xml version="1.0" encoding="UTF-8"?>
<!-- Generated by org.testng.reporters.JUnitXMLReporter -->
<testsuite ignored="4" hostname="DESKTOP-V99HU7G" failures="0" tests="2" name="TestRunner01" time="51.454" errors="0" timestamp="2022-01-21T15:43:14 IST">
  <testcase classname="com.crm.ContactTest.ContactTest" name="createContactTest" time="15.188"/>
  <testcase classname="com.crm.comcast.orgTest.OrganizationTest" name="createOrganiztionTest" time="14.412"/>
  <testcase classname="com.crm.comcast.orgTest.OrganizationTest" name="createOrganizationWithIndTest" time="0.0">
    <ignored/>
  </testcase> <!-- createOrganizationWithIndTest -->
  <testcase classname="com.crm.ContactTest.ContactTest" name="createContactWithOrgTest" time="0.0">
    <ignored/>
  </testcase> <!-- createContactWithOrgTest -->
  <testcase classname="com.crm.GenericLibraries.BaseClass" name="@AfterSuite configAS" time="0.0">
    <ignored/>
  </testcase> <!-- @AfterSuite configAS -->
  <testcase classname="com.crm.GenericLibraries.BaseClass" name="@BeforeSuite configBS" time="0.0">
    <ignored/>
  </testcase> <!-- @BeforeSuite configBS -->
</testsuite> <!-- TestRunner01 -->
