<?xml version="1.0" encoding="UTF-8"?>
<!-- Generated by org.testng.reporters.JUnitReportReporter -->
<testsuite hostname="DESKTOP-V99HU7G" failures="0" tests="5" name="practice.Sample01" time="0.030" errors="0" timestamp="2022-01-20T15:12:03 IST" skipped="0">
  <testcase classname="practice.Sample01" name="bookTicketTest" time="0.008"/>
  <system-out/>
  <testcase classname="practice.Sample01" name="bookTicketTest" time="0.013"/>
  <system-out/>
  <testcase classname="practice.Sample01" name="bookTicketTest" time="0.003"/>
  <system-out/>
  <testcase classname="practice.Sample01" name="bookTicketTest" time="0.003"/>
  <system-out/>
  <testcase classname="practice.Sample01" name="bookTicketTest" time="0.003"/>
  <system-out/>
</testsuite> <!-- practice.Sample01 -->
