<?xml version="1.0" encoding="UTF-8"?>
<!-- Generated by org.testng.reporters.JUnitReportReporter -->
<testsuite hostname="DESKTOP-V99HU7G" failures="0" tests="2" name="com.crm.ContactTest.ContactTest" time="53.682" errors="0" timestamp="2022-01-23T13:50:29 IST" skipped="0">
  <testcase classname="com.crm.ContactTest.ContactTest" name="createContactTest" time="21.950"/>
  <system-out/>
  <testcase classname="com.crm.ContactTest.ContactTest" name="createContactWithOrgTest" time="31.732"/>
  <system-out/>
</testsuite> <!-- com.crm.ContactTest.ContactTest -->
